Performing C SOURCE FILE Test CMAKE_HAVE_LIBC_PTHREAD failed with the following output:
Change Dir: /home/shahram/Desktop/Linux-For-Robotics/catkin_ws/build/CMakeFiles/CMakeTmp

Run Build Command(s):/usr/bin/make -f Makefile cmTC_9fe17/fast && /usr/bin/make  -f CMakeFiles/cmTC_9fe17.dir/build.make CMakeFiles/cmTC_9fe17.dir/build
make[1]: Entering directory '/home/shahram/Desktop/Linux-For-Robotics/catkin_ws/build/CMakeFiles/CMakeTmp'
Building C object CMakeFiles/cmTC_9fe17.dir/src.c.o
/usr/bin/cc -DCMAKE_HAVE_LIBC_PTHREAD   -o CMakeFiles/cmTC_9fe17.dir/src.c.o -c /home/shahram/Desktop/Linux-For-Robotics/catkin_ws/build/CMakeFiles/CMakeTmp/src.c
Linking C executable cmTC_9fe17
/opt/cmake-3.21.0-rc2-linux-x86_64/bin/cmake -E cmake_link_script CMakeFiles/cmTC_9fe17.dir/link.txt --verbose=1
/usr/bin/cc -rdynamic CMakeFiles/cmTC_9fe17.dir/src.c.o -o cmTC_9fe17 
CMakeFiles/cmTC_9fe17.dir/src.c.o: In function `main':
src.c:(.text+0x3c): undefined reference to `pthread_create'
src.c:(.text+0x48): undefined reference to `pthread_detach'
src.c:(.text+0x54): undefined reference to `pthread_cancel'
src.c:(.text+0x65): undefined reference to `pthread_join'
src.c:(.text+0x79): undefined reference to `pthread_atfork'
collect2: error: ld returned 1 exit status
CMakeFiles/cmTC_9fe17.dir/build.make:98: recipe for target 'cmTC_9fe17' failed
make[1]: *** [cmTC_9fe17] Error 1
make[1]: Leaving directory '/home/shahram/Desktop/Linux-For-Robotics/catkin_ws/build/CMakeFiles/CMakeTmp'
Makefile:127: recipe for target 'cmTC_9fe17/fast' failed
make: *** [cmTC_9fe17/fast] Error 2


Source file was:
#include <pthread.h>

static void* test_func(void* data)
{
  return data;
}

int main(void)
{
  pthread_t thread;
  pthread_create(&thread, NULL, test_func, NULL);
  pthread_detach(thread);
  pthread_cancel(thread);
  pthread_join(thread, NULL);
  pthread_atfork(NULL, NULL, NULL);
  pthread_exit(NULL);

  return 0;
}

Determining if the function pthread_create exists in the pthreads failed with the following output:
Change Dir: /home/shahram/Desktop/Linux-For-Robotics/catkin_ws/build/CMakeFiles/CMakeTmp

Run Build Command(s):/usr/bin/make -f Makefile cmTC_3b55b/fast && /usr/bin/make  -f CMakeFiles/cmTC_3b55b.dir/build.make CMakeFiles/cmTC_3b55b.dir/build
make[1]: Entering directory '/home/shahram/Desktop/Linux-For-Robotics/catkin_ws/build/CMakeFiles/CMakeTmp'
Building C object CMakeFiles/cmTC_3b55b.dir/CheckFunctionExists.c.o
/usr/bin/cc   -DCHECK_FUNCTION_EXISTS=pthread_create -o CMakeFiles/cmTC_3b55b.dir/CheckFunctionExists.c.o -c /opt/cmake-3.21.0-rc2-linux-x86_64/share/cmake-3.21/Modules/CheckFunctionExists.c
Linking C executable cmTC_3b55b
/opt/cmake-3.21.0-rc2-linux-x86_64/bin/cmake -E cmake_link_script CMakeFiles/cmTC_3b55b.dir/link.txt --verbose=1
/usr/bin/cc  -DCHECK_FUNCTION_EXISTS=pthread_create -rdynamic CMakeFiles/cmTC_3b55b.dir/CheckFunctionExists.c.o -o cmTC_3b55b  -lpthreads 
/usr/bin/ld: cannot find -lpthreads
collect2: error: ld returned 1 exit status
CMakeFiles/cmTC_3b55b.dir/build.make:98: recipe for target 'cmTC_3b55b' failed
make[1]: *** [cmTC_3b55b] Error 1
make[1]: Leaving directory '/home/shahram/Desktop/Linux-For-Robotics/catkin_ws/build/CMakeFiles/CMakeTmp'
Makefile:127: recipe for target 'cmTC_3b55b/fast' failed
make: *** [cmTC_3b55b/fast] Error 2



